2024-11-27 23:28:23,837 - INFO - Starting file organization.
2024-11-27 23:28:35,506 - INFO - Moved 9FjJtbL7.mp3 to Music/
2024-11-27 23:28:35,507 - INFO - Moved BSfycm3M.xlsx to Spreadsheets/
2024-11-27 23:28:35,507 - INFO - Moved eV2g86bP.csv to Data Files/
2024-11-27 23:28:35,507 - INFO - Moved G0njkKZB.txt to Text Files/
2024-11-27 23:28:35,508 - INFO - Moved gLABWTPb.pdf to Documents/
2024-11-27 23:28:35,508 - INFO - Moved GMtwCp2l.jpeg to Images/
2024-11-27 23:28:35,509 - INFO - Moved hHwVC0xw.mp4 to Videos/
2024-11-27 23:28:35,509 - INFO - Moved KmXIRe04.xlsx to Spreadsheets/
2024-11-27 23:28:35,509 - INFO - Moved ldcXokdS.mp4 to Videos/
2024-11-27 23:28:35,510 - INFO - Moved loiZ5NqV.png to Images/
2024-11-27 23:28:35,510 - INFO - Moved MinXUFUJ.xlsx to Spreadsheets/
2024-11-27 23:28:35,510 - INFO - Moved o5QwS1qN.txt to Text Files/
2024-11-27 23:28:35,511 - INFO - Moved ONJgqKbf.jpeg to Images/
2024-11-27 23:28:35,511 - INFO - Moved pvIHU8tt.jpg to Images/
2024-11-27 23:28:35,512 - INFO - Moved rm6LFEKv.png to Images/
2024-11-27 23:28:35,512 - INFO - Moved rsNQEpej.xlsx to Spreadsheets/
2024-11-27 23:28:35,512 - INFO - Moved S5VcpZFE.txt to Text Files/
2024-11-27 23:28:35,513 - INFO - Moved TkSL27Gq.pdf to Documents/
2024-11-27 23:28:35,513 - INFO - Moved VjE7y8K4.txt to Text Files/
2024-11-27 23:28:35,514 - INFO - Moved xJGfTZ8N.jpeg to Images/
2024-11-27 23:28:35,514 - INFO - Moved YcqkdFar.jpeg to Images/
2024-11-27 23:28:35,514 - INFO - Moved YsLThlSb.xlsx to Spreadsheets/
2024-11-27 23:28:35,515 - INFO - Moved ZF9k8J64.png to Images/
2024-11-27 23:28:35,515 - INFO - Moved ZHOvBz9C.docx to Documents/
2024-11-27 23:28:35,515 - INFO - Moved ZzvEiihq.pdf to Documents/
2024-11-27 23:28:35,515 - INFO - File organization completed successfully.
